<?xml version="1.0" encoding="UTF-8"?>
<testng-results ignored="0" total="18" passed="12" failed="6" skipped="0">
  <reporter-output>
  </reporter-output>
  <suite started-at="2024-12-08T00:12:51 IST" name="Suite" finished-at="2024-12-08T00:15:19 IST" duration-ms="148196">
    <groups>
    </groups>
    <test started-at="2024-12-08T00:12:51 IST" name="Test" finished-at="2024-12-08T00:15:19 IST" duration-ms="148196">
      <class name="com.ikkon.Test_cases.TC_DashboardPageTest">
        <test-method is-config="true" signature="setup()[pri:0, instance:com.ikkon.Test_cases.TC_DashboardPageTest@18271936]" started-at="2024-12-08T00:13:16 IST" name="setup" finished-at="2024-12-08T00:13:26 IST" duration-ms="9134" status="PASS">
          <reporter-output>
          </reporter-output>
        </test-method> <!-- setup -->
        <test-method signature="VerifyDashboardPageLabelsAfterAdminUserLogin()[pri:1, instance:com.ikkon.Test_cases.TC_DashboardPageTest@18271936]" started-at="2024-12-08T00:13:26 IST" name="VerifyDashboardPageLabelsAfterAdminUserLogin" finished-at="2024-12-08T00:13:42 IST" duration-ms="16744" status="FAIL">
          <exception class="org.openqa.selenium.NoSuchElementException">
            <message>
              <![CDATA[no such element: Unable to locate element: {"method":"xpath","selector":"//h6[text()='Total Users//']"}
  (Session info: chrome=131.0.6778.109)
For documentation on this error, please visit: https://www.selenium.dev/documentation/webdriver/troubleshooting/errors#no-such-element-exception
Build info: version: '4.26.0', revision: '8ccf0219d7'
System info: os.name: 'Windows 10', os.arch: 'amd64', os.version: '10.0', java.version: '21.0.3'
Driver info: org.openqa.selenium.chrome.ChromeDriver
Command: [f2030c1cdec906cda0cb308c5579e717, findElement {value=//h6[text()='Total Users//'], using=xpath}]
Capabilities {acceptInsecureCerts: false, browserName: chrome, browserVersion: 131.0.6778.109, chrome: {chromedriverVersion: 131.0.6778.87 (ce31cae94873..., userDataDir: C:\Users\KANHAS~1\AppData\L...}, fedcm:accounts: true, goog:chromeOptions: {debuggerAddress: localhost:51130}, networkConnectionEnabled: false, pageLoadStrategy: normal, platformName: windows, proxy: Proxy(), se:cdp: ws://localhost:51130/devtoo..., se:cdpVersion: 131.0.6778.109, setWindowRect: true, strictFileInteractability: false, timeouts: {implicit: 0, pageLoad: 300000, script: 30000}, unhandledPromptBehavior: dismiss and notify, webauthn:extension:credBlob: true, webauthn:extension:largeBlob: true, webauthn:extension:minPinLength: true, webauthn:extension:prf: true, webauthn:virtualAuthenticators: true}
Session ID: f2030c1cdec906cda0cb308c5579e717]]>
            </message>
            <full-stacktrace>
              <![CDATA[org.openqa.selenium.NoSuchElementException: no such element: Unable to locate element: {"method":"xpath","selector":"//h6[text()='Total Users//']"}
  (Session info: chrome=131.0.6778.109)
For documentation on this error, please visit: https://www.selenium.dev/documentation/webdriver/troubleshooting/errors#no-such-element-exception
Build info: version: '4.26.0', revision: '8ccf0219d7'
System info: os.name: 'Windows 10', os.arch: 'amd64', os.version: '10.0', java.version: '21.0.3'
Driver info: org.openqa.selenium.chrome.ChromeDriver
Command: [f2030c1cdec906cda0cb308c5579e717, findElement {value=//h6[text()='Total Users//'], using=xpath}]
Capabilities {acceptInsecureCerts: false, browserName: chrome, browserVersion: 131.0.6778.109, chrome: {chromedriverVersion: 131.0.6778.87 (ce31cae94873..., userDataDir: C:\Users\KANHAS~1\AppData\L...}, fedcm:accounts: true, goog:chromeOptions: {debuggerAddress: localhost:51130}, networkConnectionEnabled: false, pageLoadStrategy: normal, platformName: windows, proxy: Proxy(), se:cdp: ws://localhost:51130/devtoo..., se:cdpVersion: 131.0.6778.109, setWindowRect: true, strictFileInteractability: false, timeouts: {implicit: 0, pageLoad: 300000, script: 30000}, unhandledPromptBehavior: dismiss and notify, webauthn:extension:credBlob: true, webauthn:extension:largeBlob: true, webauthn:extension:minPinLength: true, webauthn:extension:prf: true, webauthn:virtualAuthenticators: true}
Session ID: f2030c1cdec906cda0cb308c5579e717
at java.base/jdk.internal.reflect.DirectConstructorHandleAccessor.newInstance(DirectConstructorHandleAccessor.java:62)
at java.base/java.lang.reflect.Constructor.newInstanceWithCaller(Constructor.java:502)
at java.base/java.lang.reflect.Constructor.newInstance(Constructor.java:486)
at org.openqa.selenium.remote.ErrorCodec.decode(ErrorCodec.java:167)
at org.openqa.selenium.remote.codec.w3c.W3CHttpResponseCodec.decode(W3CHttpResponseCodec.java:138)
at org.openqa.selenium.remote.codec.w3c.W3CHttpResponseCodec.decode(W3CHttpResponseCodec.java:50)
at org.openqa.selenium.remote.HttpCommandExecutor.execute(HttpCommandExecutor.java:190)
at org.openqa.selenium.remote.service.DriverCommandExecutor.invokeExecute(DriverCommandExecutor.java:216)
at org.openqa.selenium.remote.service.DriverCommandExecutor.execute(DriverCommandExecutor.java:174)
at org.openqa.selenium.remote.RemoteWebDriver.execute(RemoteWebDriver.java:545)
at org.openqa.selenium.remote.ElementLocation$ElementFinder$2.findElement(ElementLocation.java:165)
at org.openqa.selenium.remote.ElementLocation.findElement(ElementLocation.java:59)
at org.openqa.selenium.remote.RemoteWebDriver.findElement(RemoteWebDriver.java:368)
at org.openqa.selenium.remote.RemoteWebDriver.findElement(RemoteWebDriver.java:362)
at org.openqa.selenium.support.pagefactory.DefaultElementLocator.findElement(DefaultElementLocator.java:68)
at org.openqa.selenium.support.pagefactory.internal.LocatingElementHandler.invoke(LocatingElementHandler.java:38)
at jdk.proxy2/jdk.proxy2.$Proxy29.isDisplayed(Unknown Source)
at com.ikkon.pageObjects.DashboardPage.VerifyTotalUsersLabel(DashboardPage.java:71)
at com.ikkon.Test_cases.TC_DashboardPageTest.VerifyDashboardPageLabelsAfterAdminUserLogin(TC_DashboardPageTest.java:38)
at java.base/jdk.internal.reflect.DirectMethodHandleAccessor.invoke(DirectMethodHandleAccessor.java:103)
at java.base/java.lang.reflect.Method.invoke(Method.java:580)
at org.testng.internal.invokers.MethodInvocationHelper.invokeMethod(MethodInvocationHelper.java:139)
at org.testng.internal.invokers.TestInvoker.invokeMethod(TestInvoker.java:677)
at org.testng.internal.invokers.TestInvoker.invokeTestMethod(TestInvoker.java:221)
at org.testng.internal.invokers.MethodRunner.runInSequence(MethodRunner.java:50)
at org.testng.internal.invokers.TestInvoker$MethodInvocationAgent.invoke(TestInvoker.java:969)
at org.testng.internal.invokers.TestInvoker.invokeTestMethods(TestInvoker.java:194)
at org.testng.internal.invokers.TestMethodWorker.invokeTestMethods(TestMethodWorker.java:148)
at org.testng.internal.invokers.TestMethodWorker.run(TestMethodWorker.java:128)
at java.base/java.util.ArrayList.forEach(ArrayList.java:1596)
at org.testng.TestRunner.privateRun(TestRunner.java:829)
at org.testng.TestRunner.run(TestRunner.java:602)
at org.testng.SuiteRunner.runTest(SuiteRunner.java:437)
at org.testng.SuiteRunner.runSequentially(SuiteRunner.java:431)
at org.testng.SuiteRunner.privateRun(SuiteRunner.java:391)
at org.testng.SuiteRunner.run(SuiteRunner.java:330)
at org.testng.SuiteRunnerWorker.runSuite(SuiteRunnerWorker.java:52)
at org.testng.SuiteRunnerWorker.run(SuiteRunnerWorker.java:95)
at org.testng.TestNG.runSuitesSequentially(TestNG.java:1256)
at org.testng.TestNG.runSuitesLocally(TestNG.java:1176)
at org.testng.TestNG.runSuites(TestNG.java:1099)
at org.testng.TestNG.run(TestNG.java:1067)
at org.testng.remote.AbstractRemoteTestNG.run(AbstractRemoteTestNG.java:115)
at org.testng.remote.RemoteTestNG.initAndRun(RemoteTestNG.java:293)
at org.testng.remote.RemoteTestNG.main(RemoteTestNG.java:91)
]]>
            </full-stacktrace>
          </exception> <!-- org.openqa.selenium.NoSuchElementException -->
          <reporter-output>
          </reporter-output>
        </test-method> <!-- VerifyDashboardPageLabelsAfterAdminUserLogin -->
        <test-method signature="VerifyAllUsersListByClickingOnTotalUsers()[pri:2, instance:com.ikkon.Test_cases.TC_DashboardPageTest@18271936]" started-at="2024-12-08T00:13:42 IST" name="VerifyAllUsersListByClickingOnTotalUsers" finished-at="2024-12-08T00:13:53 IST" duration-ms="10169" status="FAIL">
          <exception class="org.openqa.selenium.NoSuchElementException">
            <message>
              <![CDATA[no such element: Unable to locate element: {"method":"xpath","selector":"//h6[text()='Total Users//']"}
  (Session info: chrome=131.0.6778.109)
For documentation on this error, please visit: https://www.selenium.dev/documentation/webdriver/troubleshooting/errors#no-such-element-exception
Build info: version: '4.26.0', revision: '8ccf0219d7'
System info: os.name: 'Windows 10', os.arch: 'amd64', os.version: '10.0', java.version: '21.0.3'
Driver info: org.openqa.selenium.chrome.ChromeDriver
Command: [f2030c1cdec906cda0cb308c5579e717, findElement {value=//h6[text()='Total Users//'], using=xpath}]
Capabilities {acceptInsecureCerts: false, browserName: chrome, browserVersion: 131.0.6778.109, chrome: {chromedriverVersion: 131.0.6778.87 (ce31cae94873..., userDataDir: C:\Users\KANHAS~1\AppData\L...}, fedcm:accounts: true, goog:chromeOptions: {debuggerAddress: localhost:51130}, networkConnectionEnabled: false, pageLoadStrategy: normal, platformName: windows, proxy: Proxy(), se:cdp: ws://localhost:51130/devtoo..., se:cdpVersion: 131.0.6778.109, setWindowRect: true, strictFileInteractability: false, timeouts: {implicit: 0, pageLoad: 300000, script: 30000}, unhandledPromptBehavior: dismiss and notify, webauthn:extension:credBlob: true, webauthn:extension:largeBlob: true, webauthn:extension:minPinLength: true, webauthn:extension:prf: true, webauthn:virtualAuthenticators: true}
Session ID: f2030c1cdec906cda0cb308c5579e717]]>
            </message>
            <full-stacktrace>
              <![CDATA[org.openqa.selenium.NoSuchElementException: no such element: Unable to locate element: {"method":"xpath","selector":"//h6[text()='Total Users//']"}
  (Session info: chrome=131.0.6778.109)
For documentation on this error, please visit: https://www.selenium.dev/documentation/webdriver/troubleshooting/errors#no-such-element-exception
Build info: version: '4.26.0', revision: '8ccf0219d7'
System info: os.name: 'Windows 10', os.arch: 'amd64', os.version: '10.0', java.version: '21.0.3'
Driver info: org.openqa.selenium.chrome.ChromeDriver
Command: [f2030c1cdec906cda0cb308c5579e717, findElement {value=//h6[text()='Total Users//'], using=xpath}]
Capabilities {acceptInsecureCerts: false, browserName: chrome, browserVersion: 131.0.6778.109, chrome: {chromedriverVersion: 131.0.6778.87 (ce31cae94873..., userDataDir: C:\Users\KANHAS~1\AppData\L...}, fedcm:accounts: true, goog:chromeOptions: {debuggerAddress: localhost:51130}, networkConnectionEnabled: false, pageLoadStrategy: normal, platformName: windows, proxy: Proxy(), se:cdp: ws://localhost:51130/devtoo..., se:cdpVersion: 131.0.6778.109, setWindowRect: true, strictFileInteractability: false, timeouts: {implicit: 0, pageLoad: 300000, script: 30000}, unhandledPromptBehavior: dismiss and notify, webauthn:extension:credBlob: true, webauthn:extension:largeBlob: true, webauthn:extension:minPinLength: true, webauthn:extension:prf: true, webauthn:virtualAuthenticators: true}
Session ID: f2030c1cdec906cda0cb308c5579e717
at java.base/jdk.internal.reflect.DirectConstructorHandleAccessor.newInstance(DirectConstructorHandleAccessor.java:62)
at java.base/java.lang.reflect.Constructor.newInstanceWithCaller(Constructor.java:502)
at java.base/java.lang.reflect.Constructor.newInstance(Constructor.java:486)
at org.openqa.selenium.remote.ErrorCodec.decode(ErrorCodec.java:167)
at org.openqa.selenium.remote.codec.w3c.W3CHttpResponseCodec.decode(W3CHttpResponseCodec.java:138)
at org.openqa.selenium.remote.codec.w3c.W3CHttpResponseCodec.decode(W3CHttpResponseCodec.java:50)
at org.openqa.selenium.remote.HttpCommandExecutor.execute(HttpCommandExecutor.java:190)
at org.openqa.selenium.remote.service.DriverCommandExecutor.invokeExecute(DriverCommandExecutor.java:216)
at org.openqa.selenium.remote.service.DriverCommandExecutor.execute(DriverCommandExecutor.java:174)
at org.openqa.selenium.remote.RemoteWebDriver.execute(RemoteWebDriver.java:545)
at org.openqa.selenium.remote.ElementLocation$ElementFinder$2.findElement(ElementLocation.java:165)
at org.openqa.selenium.remote.ElementLocation.findElement(ElementLocation.java:59)
at org.openqa.selenium.remote.RemoteWebDriver.findElement(RemoteWebDriver.java:368)
at org.openqa.selenium.remote.RemoteWebDriver.findElement(RemoteWebDriver.java:362)
at org.openqa.selenium.support.pagefactory.DefaultElementLocator.findElement(DefaultElementLocator.java:68)
at org.openqa.selenium.support.pagefactory.internal.LocatingElementHandler.invoke(LocatingElementHandler.java:38)
at jdk.proxy2/jdk.proxy2.$Proxy29.click(Unknown Source)
at com.ikkon.pageObjects.DashboardPage.TotalUsersClick(DashboardPage.java:200)
at com.ikkon.Test_cases.TC_DashboardPageTest.VerifyAllUsersListByClickingOnTotalUsers(TC_DashboardPageTest.java:124)
at java.base/jdk.internal.reflect.DirectMethodHandleAccessor.invoke(DirectMethodHandleAccessor.java:103)
at java.base/java.lang.reflect.Method.invoke(Method.java:580)
at org.testng.internal.invokers.MethodInvocationHelper.invokeMethod(MethodInvocationHelper.java:139)
at org.testng.internal.invokers.TestInvoker.invokeMethod(TestInvoker.java:677)
at org.testng.internal.invokers.TestInvoker.invokeTestMethod(TestInvoker.java:221)
at org.testng.internal.invokers.MethodRunner.runInSequence(MethodRunner.java:50)
at org.testng.internal.invokers.TestInvoker$MethodInvocationAgent.invoke(TestInvoker.java:969)
at org.testng.internal.invokers.TestInvoker.invokeTestMethods(TestInvoker.java:194)
at org.testng.internal.invokers.TestMethodWorker.invokeTestMethods(TestMethodWorker.java:148)
at org.testng.internal.invokers.TestMethodWorker.run(TestMethodWorker.java:128)
at java.base/java.util.ArrayList.forEach(ArrayList.java:1596)
at org.testng.TestRunner.privateRun(TestRunner.java:829)
at org.testng.TestRunner.run(TestRunner.java:602)
at org.testng.SuiteRunner.runTest(SuiteRunner.java:437)
at org.testng.SuiteRunner.runSequentially(SuiteRunner.java:431)
at org.testng.SuiteRunner.privateRun(SuiteRunner.java:391)
at org.testng.SuiteRunner.run(SuiteRunner.java:330)
at org.testng.SuiteRunnerWorker.runSuite(SuiteRunnerWorker.java:52)
at org.testng.SuiteRunnerWorker.run(SuiteRunnerWorker.java:95)
at org.testng.TestNG.runSuitesSequentially(TestNG.java:1256)
at org.testng.TestNG.runSuitesLocally(TestNG.java:1176)
at org.testng.TestNG.runSuites(TestNG.java:1099)
at org.testng.TestNG.run(TestNG.java:1067)
at org.testng.remote.AbstractRemoteTestNG.run(AbstractRemoteTestNG.java:115)
at org.testng.remote.RemoteTestNG.initAndRun(RemoteTestNG.java:293)
at org.testng.remote.RemoteTestNG.main(RemoteTestNG.java:91)
]]>
            </full-stacktrace>
          </exception> <!-- org.openqa.selenium.NoSuchElementException -->
          <reporter-output>
          </reporter-output>
        </test-method> <!-- VerifyAllUsersListByClickingOnTotalUsers -->
        <test-method signature="VerifyActiveUsersListByClickingOnActiveUsers()[pri:3, instance:com.ikkon.Test_cases.TC_DashboardPageTest@18271936]" started-at="2024-12-08T00:13:53 IST" name="VerifyActiveUsersListByClickingOnActiveUsers" finished-at="2024-12-08T00:14:01 IST" duration-ms="8586" status="PASS">
          <reporter-output>
          </reporter-output>
        </test-method> <!-- VerifyActiveUsersListByClickingOnActiveUsers -->
        <test-method signature="VerifyInactiveUsersListByClickingOnInactiveUsers()[pri:4, instance:com.ikkon.Test_cases.TC_DashboardPageTest@18271936]" started-at="2024-12-08T00:14:01 IST" name="VerifyInactiveUsersListByClickingOnInactiveUsers" finished-at="2024-12-08T00:14:10 IST" duration-ms="8539" status="PASS">
          <reporter-output>
          </reporter-output>
        </test-method> <!-- VerifyInactiveUsersListByClickingOnInactiveUsers -->
        <test-method signature="VerifyInfluencerUsersListByClickingOnInfluencerUsers()[pri:5, instance:com.ikkon.Test_cases.TC_DashboardPageTest@18271936]" started-at="2024-12-08T00:14:10 IST" name="VerifyInfluencerUsersListByClickingOnInfluencerUsers" finished-at="2024-12-08T00:14:18 IST" duration-ms="8486" status="PASS">
          <reporter-output>
          </reporter-output>
        </test-method> <!-- VerifyInfluencerUsersListByClickingOnInfluencerUsers -->
        <test-method signature="VerifyBrandUsersListByClickingOnBrandUsers()[pri:6, instance:com.ikkon.Test_cases.TC_DashboardPageTest@18271936]" started-at="2024-12-08T00:14:18 IST" name="VerifyBrandUsersListByClickingOnBrandUsers" finished-at="2024-12-08T00:14:27 IST" duration-ms="8431" status="PASS">
          <reporter-output>
          </reporter-output>
        </test-method> <!-- VerifyBrandUsersListByClickingOnBrandUsers -->
        <test-method signature="VerifyAgencyUsersListByClickingOnBrandUsers()[pri:7, instance:com.ikkon.Test_cases.TC_DashboardPageTest@18271936]" started-at="2024-12-08T00:14:27 IST" name="VerifyAgencyUsersListByClickingOnBrandUsers" finished-at="2024-12-08T00:14:35 IST" duration-ms="8507" status="PASS">
          <reporter-output>
          </reporter-output>
        </test-method> <!-- VerifyAgencyUsersListByClickingOnBrandUsers -->
        <test-method is-config="true" signature="tearDown()[pri:0, instance:com.ikkon.Test_cases.TC_DashboardPageTest@18271936]" started-at="2024-12-08T00:14:35 IST" name="tearDown" finished-at="2024-12-08T00:14:36 IST" duration-ms="404" status="PASS">
          <reporter-output>
          </reporter-output>
        </test-method> <!-- tearDown -->
      </class> <!-- com.ikkon.Test_cases.TC_DashboardPageTest -->
      <class name="com.ikkon.Test_cases.TC_SignInPageTest">
        <test-method is-config="true" signature="setup()[pri:0, instance:com.ikkon.Test_cases.TC_SignInPageTest@35dab4eb]" started-at="2024-12-08T00:12:51 IST" name="setup" finished-at="2024-12-08T00:12:59 IST" duration-ms="7953" status="PASS">
          <reporter-output>
          </reporter-output>
        </test-method> <!-- setup -->
        <test-method signature="OpenSignInPage()[pri:1, instance:com.ikkon.Test_cases.TC_SignInPageTest@35dab4eb]" started-at="2024-12-08T00:12:59 IST" name="OpenSignInPage" finished-at="2024-12-08T00:13:01 IST" duration-ms="1944" status="PASS">
          <reporter-output>
          </reporter-output>
        </test-method> <!-- OpenSignInPage -->
        <test-method signature="SignInWithAdmin()[pri:2, instance:com.ikkon.Test_cases.TC_SignInPageTest@35dab4eb]" started-at="2024-12-08T00:13:01 IST" name="SignInWithAdmin" finished-at="2024-12-08T00:13:14 IST" duration-ms="12175" status="PASS">
          <reporter-output>
          </reporter-output>
        </test-method> <!-- SignInWithAdmin -->
        <test-method signature="Logout()[pri:3, instance:com.ikkon.Test_cases.TC_SignInPageTest@35dab4eb]" started-at="2024-12-08T00:13:14 IST" name="Logout" finished-at="2024-12-08T00:13:16 IST" duration-ms="2518" status="PASS">
          <reporter-output>
          </reporter-output>
        </test-method> <!-- Logout -->
        <test-method is-config="true" signature="tearDown()[pri:0, instance:com.ikkon.Test_cases.TC_SignInPageTest@35dab4eb]" started-at="2024-12-08T00:13:16 IST" name="tearDown" finished-at="2024-12-08T00:13:16 IST" duration-ms="323" status="PASS">
          <reporter-output>
          </reporter-output>
        </test-method> <!-- tearDown -->
      </class> <!-- com.ikkon.Test_cases.TC_SignInPageTest -->
      <class name="com.ikkon.Test_cases.TC_MenuPageTest">
        <test-method is-config="true" signature="setup()[pri:0, instance:com.ikkon.Test_cases.TC_MenuPageTest@606e4010]" started-at="2024-12-08T00:14:36 IST" name="setup" finished-at="2024-12-08T00:14:38 IST" duration-ms="2024" status="PASS">
          <reporter-output>
          </reporter-output>
        </test-method> <!-- setup -->
        <test-method signature="AgencyPageOpened()[pri:1, instance:com.ikkon.Test_cases.TC_MenuPageTest@606e4010]" started-at="2024-12-08T00:14:38 IST" name="AgencyPageOpened" finished-at="2024-12-08T00:15:03 IST" duration-ms="25354" status="FAIL">
          <exception class="java.lang.AssertionError">
            <message>
              <![CDATA[Agency Page did not opened]]>
            </message>
            <full-stacktrace>
              <![CDATA[java.lang.AssertionError: Agency Page did not opened
at org.testng.Assert.fail(Assert.java:110)
at com.ikkon.Test_cases.TC_MenuPageTest.AgencyPageOpened(TC_MenuPageTest.java:55)
at java.base/jdk.internal.reflect.DirectMethodHandleAccessor.invoke(DirectMethodHandleAccessor.java:103)
at java.base/java.lang.reflect.Method.invoke(Method.java:580)
at org.testng.internal.invokers.MethodInvocationHelper.invokeMethod(MethodInvocationHelper.java:139)
at org.testng.internal.invokers.TestInvoker.invokeMethod(TestInvoker.java:677)
at org.testng.internal.invokers.TestInvoker.invokeTestMethod(TestInvoker.java:221)
at org.testng.internal.invokers.MethodRunner.runInSequence(MethodRunner.java:50)
at org.testng.internal.invokers.TestInvoker$MethodInvocationAgent.invoke(TestInvoker.java:969)
at org.testng.internal.invokers.TestInvoker.invokeTestMethods(TestInvoker.java:194)
at org.testng.internal.invokers.TestMethodWorker.invokeTestMethods(TestMethodWorker.java:148)
at org.testng.internal.invokers.TestMethodWorker.run(TestMethodWorker.java:128)
at java.base/java.util.ArrayList.forEach(ArrayList.java:1596)
at org.testng.TestRunner.privateRun(TestRunner.java:829)
at org.testng.TestRunner.run(TestRunner.java:602)
at org.testng.SuiteRunner.runTest(SuiteRunner.java:437)
at org.testng.SuiteRunner.runSequentially(SuiteRunner.java:431)
at org.testng.SuiteRunner.privateRun(SuiteRunner.java:391)
at org.testng.SuiteRunner.run(SuiteRunner.java:330)
at org.testng.SuiteRunnerWorker.runSuite(SuiteRunnerWorker.java:52)
at org.testng.SuiteRunnerWorker.run(SuiteRunnerWorker.java:95)
at org.testng.TestNG.runSuitesSequentially(TestNG.java:1256)
at org.testng.TestNG.runSuitesLocally(TestNG.java:1176)
at org.testng.TestNG.runSuites(TestNG.java:1099)
at org.testng.TestNG.run(TestNG.java:1067)
at org.testng.remote.AbstractRemoteTestNG.run(AbstractRemoteTestNG.java:115)
at org.testng.remote.RemoteTestNG.initAndRun(RemoteTestNG.java:293)
at org.testng.remote.RemoteTestNG.main(RemoteTestNG.java:91)
]]>
            </full-stacktrace>
          </exception> <!-- java.lang.AssertionError -->
          <reporter-output>
          </reporter-output>
        </test-method> <!-- AgencyPageOpened -->
        <test-method signature="BrandPageOpened()[pri:2, instance:com.ikkon.Test_cases.TC_MenuPageTest@606e4010]" started-at="2024-12-08T00:15:03 IST" name="BrandPageOpened" finished-at="2024-12-08T00:15:04 IST" duration-ms="782" status="FAIL">
          <exception class="java.lang.AssertionError">
            <message>
              <![CDATA[Brand page did not opened]]>
            </message>
            <full-stacktrace>
              <![CDATA[java.lang.AssertionError: Brand page did not opened
at org.testng.Assert.fail(Assert.java:110)
at com.ikkon.Test_cases.TC_MenuPageTest.BrandPageOpened(TC_MenuPageTest.java:82)
at java.base/jdk.internal.reflect.DirectMethodHandleAccessor.invoke(DirectMethodHandleAccessor.java:103)
at java.base/java.lang.reflect.Method.invoke(Method.java:580)
at org.testng.internal.invokers.MethodInvocationHelper.invokeMethod(MethodInvocationHelper.java:139)
at org.testng.internal.invokers.TestInvoker.invokeMethod(TestInvoker.java:677)
at org.testng.internal.invokers.TestInvoker.invokeTestMethod(TestInvoker.java:221)
at org.testng.internal.invokers.MethodRunner.runInSequence(MethodRunner.java:50)
at org.testng.internal.invokers.TestInvoker$MethodInvocationAgent.invoke(TestInvoker.java:969)
at org.testng.internal.invokers.TestInvoker.invokeTestMethods(TestInvoker.java:194)
at org.testng.internal.invokers.TestMethodWorker.invokeTestMethods(TestMethodWorker.java:148)
at org.testng.internal.invokers.TestMethodWorker.run(TestMethodWorker.java:128)
at java.base/java.util.ArrayList.forEach(ArrayList.java:1596)
at org.testng.TestRunner.privateRun(TestRunner.java:829)
at org.testng.TestRunner.run(TestRunner.java:602)
at org.testng.SuiteRunner.runTest(SuiteRunner.java:437)
at org.testng.SuiteRunner.runSequentially(SuiteRunner.java:431)
at org.testng.SuiteRunner.privateRun(SuiteRunner.java:391)
at org.testng.SuiteRunner.run(SuiteRunner.java:330)
at org.testng.SuiteRunnerWorker.runSuite(SuiteRunnerWorker.java:52)
at org.testng.SuiteRunnerWorker.run(SuiteRunnerWorker.java:95)
at org.testng.TestNG.runSuitesSequentially(TestNG.java:1256)
at org.testng.TestNG.runSuitesLocally(TestNG.java:1176)
at org.testng.TestNG.runSuites(TestNG.java:1099)
at org.testng.TestNG.run(TestNG.java:1067)
at org.testng.remote.AbstractRemoteTestNG.run(AbstractRemoteTestNG.java:115)
at org.testng.remote.RemoteTestNG.initAndRun(RemoteTestNG.java:293)
at org.testng.remote.RemoteTestNG.main(RemoteTestNG.java:91)
]]>
            </full-stacktrace>
          </exception> <!-- java.lang.AssertionError -->
          <reporter-output>
          </reporter-output>
        </test-method> <!-- BrandPageOpened -->
        <test-method signature="CampaignPageOpened()[pri:3, instance:com.ikkon.Test_cases.TC_MenuPageTest@606e4010]" started-at="2024-12-08T00:15:04 IST" name="CampaignPageOpened" finished-at="2024-12-08T00:15:05 IST" duration-ms="838" status="FAIL">
          <exception class="java.lang.AssertionError">
            <message>
              <![CDATA[Campaign page did not opened]]>
            </message>
            <full-stacktrace>
              <![CDATA[java.lang.AssertionError: Campaign page did not opened
at org.testng.Assert.fail(Assert.java:110)
at com.ikkon.Test_cases.TC_MenuPageTest.CampaignPageOpened(TC_MenuPageTest.java:108)
at java.base/jdk.internal.reflect.DirectMethodHandleAccessor.invoke(DirectMethodHandleAccessor.java:103)
at java.base/java.lang.reflect.Method.invoke(Method.java:580)
at org.testng.internal.invokers.MethodInvocationHelper.invokeMethod(MethodInvocationHelper.java:139)
at org.testng.internal.invokers.TestInvoker.invokeMethod(TestInvoker.java:677)
at org.testng.internal.invokers.TestInvoker.invokeTestMethod(TestInvoker.java:221)
at org.testng.internal.invokers.MethodRunner.runInSequence(MethodRunner.java:50)
at org.testng.internal.invokers.TestInvoker$MethodInvocationAgent.invoke(TestInvoker.java:969)
at org.testng.internal.invokers.TestInvoker.invokeTestMethods(TestInvoker.java:194)
at org.testng.internal.invokers.TestMethodWorker.invokeTestMethods(TestMethodWorker.java:148)
at org.testng.internal.invokers.TestMethodWorker.run(TestMethodWorker.java:128)
at java.base/java.util.ArrayList.forEach(ArrayList.java:1596)
at org.testng.TestRunner.privateRun(TestRunner.java:829)
at org.testng.TestRunner.run(TestRunner.java:602)
at org.testng.SuiteRunner.runTest(SuiteRunner.java:437)
at org.testng.SuiteRunner.runSequentially(SuiteRunner.java:431)
at org.testng.SuiteRunner.privateRun(SuiteRunner.java:391)
at org.testng.SuiteRunner.run(SuiteRunner.java:330)
at org.testng.SuiteRunnerWorker.runSuite(SuiteRunnerWorker.java:52)
at org.testng.SuiteRunnerWorker.run(SuiteRunnerWorker.java:95)
at org.testng.TestNG.runSuitesSequentially(TestNG.java:1256)
at org.testng.TestNG.runSuitesLocally(TestNG.java:1176)
at org.testng.TestNG.runSuites(TestNG.java:1099)
at org.testng.TestNG.run(TestNG.java:1067)
at org.testng.remote.AbstractRemoteTestNG.run(AbstractRemoteTestNG.java:115)
at org.testng.remote.RemoteTestNG.initAndRun(RemoteTestNG.java:293)
at org.testng.remote.RemoteTestNG.main(RemoteTestNG.java:91)
]]>
            </full-stacktrace>
          </exception> <!-- java.lang.AssertionError -->
          <reporter-output>
          </reporter-output>
        </test-method> <!-- CampaignPageOpened -->
        <test-method signature="MatchmakingPageOpened()[pri:4, instance:com.ikkon.Test_cases.TC_MenuPageTest@606e4010]" started-at="2024-12-08T00:15:05 IST" name="MatchmakingPageOpened" finished-at="2024-12-08T00:15:06 IST" duration-ms="901" status="FAIL">
          <exception class="java.lang.AssertionError">
            <message>
              <![CDATA[Matchmaking tab did not opened]]>
            </message>
            <full-stacktrace>
              <![CDATA[java.lang.AssertionError: Matchmaking tab did not opened
at org.testng.Assert.fail(Assert.java:110)
at com.ikkon.Test_cases.TC_MenuPageTest.MatchmakingPageOpened(TC_MenuPageTest.java:133)
at java.base/jdk.internal.reflect.DirectMethodHandleAccessor.invoke(DirectMethodHandleAccessor.java:103)
at java.base/java.lang.reflect.Method.invoke(Method.java:580)
at org.testng.internal.invokers.MethodInvocationHelper.invokeMethod(MethodInvocationHelper.java:139)
at org.testng.internal.invokers.TestInvoker.invokeMethod(TestInvoker.java:677)
at org.testng.internal.invokers.TestInvoker.invokeTestMethod(TestInvoker.java:221)
at org.testng.internal.invokers.MethodRunner.runInSequence(MethodRunner.java:50)
at org.testng.internal.invokers.TestInvoker$MethodInvocationAgent.invoke(TestInvoker.java:969)
at org.testng.internal.invokers.TestInvoker.invokeTestMethods(TestInvoker.java:194)
at org.testng.internal.invokers.TestMethodWorker.invokeTestMethods(TestMethodWorker.java:148)
at org.testng.internal.invokers.TestMethodWorker.run(TestMethodWorker.java:128)
at java.base/java.util.ArrayList.forEach(ArrayList.java:1596)
at org.testng.TestRunner.privateRun(TestRunner.java:829)
at org.testng.TestRunner.run(TestRunner.java:602)
at org.testng.SuiteRunner.runTest(SuiteRunner.java:437)
at org.testng.SuiteRunner.runSequentially(SuiteRunner.java:431)
at org.testng.SuiteRunner.privateRun(SuiteRunner.java:391)
at org.testng.SuiteRunner.run(SuiteRunner.java:330)
at org.testng.SuiteRunnerWorker.runSuite(SuiteRunnerWorker.java:52)
at org.testng.SuiteRunnerWorker.run(SuiteRunnerWorker.java:95)
at org.testng.TestNG.runSuitesSequentially(TestNG.java:1256)
at org.testng.TestNG.runSuitesLocally(TestNG.java:1176)
at org.testng.TestNG.runSuites(TestNG.java:1099)
at org.testng.TestNG.run(TestNG.java:1067)
at org.testng.remote.AbstractRemoteTestNG.run(AbstractRemoteTestNG.java:115)
at org.testng.remote.RemoteTestNG.initAndRun(RemoteTestNG.java:293)
at org.testng.remote.RemoteTestNG.main(RemoteTestNG.java:91)
]]>
            </full-stacktrace>
          </exception> <!-- java.lang.AssertionError -->
          <reporter-output>
          </reporter-output>
        </test-method> <!-- MatchmakingPageOpened -->
        <test-method signature="UsersPageIsOpened()[pri:5, instance:com.ikkon.Test_cases.TC_MenuPageTest@606e4010]" started-at="2024-12-08T00:15:06 IST" name="UsersPageIsOpened" finished-at="2024-12-08T00:15:07 IST" duration-ms="1739" status="PASS">
          <reporter-output>
          </reporter-output>
        </test-method> <!-- UsersPageIsOpened -->
        <test-method signature="SystemLogsPageIsOpened()[pri:6, instance:com.ikkon.Test_cases.TC_MenuPageTest@606e4010]" started-at="2024-12-08T00:15:07 IST" name="SystemLogsPageIsOpened" finished-at="2024-12-08T00:15:08 IST" duration-ms="519" status="PASS">
          <reporter-output>
          </reporter-output>
        </test-method> <!-- SystemLogsPageIsOpened -->
        <test-method signature="DashboardPageOpened()[pri:7, instance:com.ikkon.Test_cases.TC_MenuPageTest@606e4010]" started-at="2024-12-08T00:15:08 IST" name="DashboardPageOpened" finished-at="2024-12-08T00:15:13 IST" duration-ms="5128" status="PASS">
          <reporter-output>
          </reporter-output>
        </test-method> <!-- DashboardPageOpened -->
        <test-method signature="NotificationPageIsOpened()[pri:8, instance:com.ikkon.Test_cases.TC_MenuPageTest@606e4010]" started-at="2024-12-08T00:15:13 IST" name="NotificationPageIsOpened" finished-at="2024-12-08T00:15:19 IST" duration-ms="5640" status="PASS">
          <reporter-output>
          </reporter-output>
        </test-method> <!-- NotificationPageIsOpened -->
        <test-method is-config="true" signature="tearDown()[pri:0, instance:com.ikkon.Test_cases.TC_MenuPageTest@606e4010]" started-at="2024-12-08T00:15:19 IST" name="tearDown" finished-at="2024-12-08T00:15:19 IST" duration-ms="332" status="PASS">
          <reporter-output>
          </reporter-output>
        </test-method> <!-- tearDown -->
      </class> <!-- com.ikkon.Test_cases.TC_MenuPageTest -->
    </test> <!-- Test -->
  </suite> <!-- Suite -->
</testng-results>
